<?xml version="1.0" encoding="UTF-8"?>
<testng-results skipped="0" failed="0" ignored="5" total="6" passed="1">
  <reporter-output>
  </reporter-output>
  <suite name="Default suite" duration-ms="2174" started-at="2020-09-03T21:38:39 EDT" finished-at="2020-09-03T21:38:41 EDT">
    <groups>
    </groups>
    <test name="Default test" duration-ms="2174" started-at="2020-09-03T21:38:39 EDT" finished-at="2020-09-03T21:38:41 EDT">
      <class name="apiScript.RestAPI">
        <test-method status="PASS" signature="extractAndLoginTest()[pri:0, instance:apiScript.RestAPI@2758fe70]" name="extractAndLoginTest" duration-ms="2147" started-at="2020-09-03T21:38:39 EDT" finished-at="2020-09-03T21:38:41 EDT">
          <reporter-output>
          </reporter-output>
        </test-method> <!-- extractAndLoginTest -->
      </class> <!-- apiScript.RestAPI -->
    </test> <!-- Default test -->
  </suite> <!-- Default suite -->
</testng-results>
