<?xml version="1.0" encoding="UTF-8"?>
<testng-results skipped="0" failed="0" ignored="4" total="6" passed="2">
  <reporter-output>
  </reporter-output>
  <suite name="Default suite" duration-ms="2629" started-at="2020-10-02T13:48:28 EDT" finished-at="2020-10-02T13:48:31 EDT">
    <groups>
    </groups>
    <test name="Default test" duration-ms="2629" started-at="2020-10-02T13:48:28 EDT" finished-at="2020-10-02T13:48:31 EDT">
      <class name="apiScript.RestAPI">
        <test-method status="PASS" signature="extractAndLoginTest()[pri:0, instance:apiScript.RestAPI@2758fe70]" name="extractAndLoginTest" duration-ms="2487" started-at="2020-10-02T13:48:28 EDT" finished-at="2020-10-02T13:48:31 EDT">
          <reporter-output>
          </reporter-output>
        </test-method> <!-- extractAndLoginTest -->
        <test-method status="PASS" signature="getHeader()[pri:0, instance:apiScript.RestAPI@2758fe70]" name="getHeader" duration-ms="115" started-at="2020-10-02T13:48:31 EDT" finished-at="2020-10-02T13:48:31 EDT">
          <reporter-output>
          </reporter-output>
        </test-method> <!-- getHeader -->
      </class> <!-- apiScript.RestAPI -->
    </test> <!-- Default test -->
  </suite> <!-- Default suite -->
</testng-results>
