<?xml version="1.0" encoding="UTF-8"?>
<!-- Generated by org.testng.reporters.JUnitXMLReporter -->
<testsuite hostname="Pitiass-MBP.fios-router.home" ignored="4" name="Default test" tests="2" failures="0" timestamp="2020-10-02T13:48:31 EDT" time="2.629" errors="0">
  <testcase name="extractAndLoginTest" time="2.487" classname="apiScript.RestAPI"/>
  <testcase name="getHeader" time="0.115" classname="apiScript.RestAPI"/>
  <testcase name="getEmmaText" time="0.0" classname="apiScript.RestAPI">
    <ignored/>
  </testcase> <!-- getEmmaText -->
  <testcase name="getThirdData" time="0.0" classname="apiScript.RestAPI">
    <ignored/>
  </testcase> <!-- getThirdData -->
  <testcase name="getContentType" time="0.0" classname="apiScript.RestAPI">
    <ignored/>
  </testcase> <!-- getContentType -->
  <testcase name="postData" time="0.0" classname="apiScript.RestAPI">
    <ignored/>
  </testcase> <!-- postData -->
</testsuite> <!-- Default test -->
