<?xml version="1.0" encoding="UTF-8"?>
<!-- Generated by org.testng.reporters.JUnitXMLReporter -->
<testsuite hostname="Pitiass-MacBook-Pro.local" ignored="5" name="Default test" tests="1" failures="0" timestamp="2020-09-03T21:38:41 EDT" time="2.174" errors="0">
  <testcase name="extractAndLoginTest" time="2.147" classname="apiScript.RestAPI"/>
  <testcase name="getEmmaText" time="0.0" classname="apiScript.RestAPI">
    <ignored/>
  </testcase> <!-- getEmmaText -->
  <testcase name="getThirdData" time="0.0" classname="apiScript.RestAPI">
    <ignored/>
  </testcase> <!-- getThirdData -->
  <testcase name="getContentType" time="0.0" classname="apiScript.RestAPI">
    <ignored/>
  </testcase> <!-- getContentType -->
  <testcase name="getHeader" time="0.0" classname="apiScript.RestAPI">
    <ignored/>
  </testcase> <!-- getHeader -->
  <testcase name="postData" time="0.0" classname="apiScript.RestAPI">
    <ignored/>
  </testcase> <!-- postData -->
</testsuite> <!-- Default test -->
